TN:
SF:src/index.ts
FN:18,(anonymous_8)
FN:18,(anonymous_9)
FN:22,(anonymous_10)
FN:22,(anonymous_11)
FNF:4
FNH:2
FNDA:1,(anonymous_8)
FNDA:1,(anonymous_9)
FNDA:0,(anonymous_10)
FNDA:0,(anonymous_11)
DA:1,1
DA:2,1
DA:3,1
DA:4,1
DA:5,1
DA:6,1
DA:8,1
DA:9,1
DA:11,1
DA:13,1
DA:14,1
DA:15,1
DA:16,1
DA:18,1
DA:19,1
DA:20,1
DA:22,1
DA:23,0
DA:27,1
DA:29,1
LF:20
LH:19
BRDA:9,0,0,1
BRDA:9,0,1,0
BRF:2
BRH:1
end_of_record
TN:
SF:src/router.ts
FN:13,(anonymous_7)
FNF:1
FNH:1
FNDA:1,(anonymous_7)
DA:1,1
DA:2,1
DA:3,1
DA:4,1
DA:5,1
DA:6,1
DA:7,1
DA:8,1
DA:10,1
DA:13,1
DA:14,1
DA:15,1
DA:19,1
DA:20,1
DA:21,1
DA:25,1
DA:26,1
DA:27,1
DA:28,1
DA:31,1
DA:32,1
DA:35,1
DA:36,1
DA:37,1
DA:38,1
DA:39,1
DA:40,1
DA:41,1
DA:44,1
DA:45,1
DA:46,1
DA:47,1
DA:48,1
DA:51,1
DA:54,1
DA:55,1
DA:56,1
DA:57,1
DA:59,1
LF:39
LH:39
BRF:0
BRH:0
end_of_record
TN:
SF:src/controllers/auth.controller.ts
FN:7,login
FNF:1
FNH:0
FNDA:0,login
DA:2,1
DA:3,1
DA:4,1
DA:7,1
DA:8,0
DA:9,0
DA:10,0
DA:12,0
DA:13,0
DA:15,0
DA:16,0
DA:18,0
DA:20,0
DA:21,0
DA:23,0
LF:15
LH:4
BRDA:10,0,0,0
BRDA:10,1,0,0
BRDA:10,1,1,0
BRDA:13,2,0,0
BRDA:16,3,0,0
BRF:5
BRH:0
end_of_record
TN:
SF:src/controllers/collection.controller.ts
FN:4,getAllCollections
FN:18,createCollection
FN:33,deleteCollection
FN:47,updateCollectionName
FNF:4
FNH:0
FNDA:0,getAllCollections
FNDA:0,createCollection
FNDA:0,deleteCollection
FNDA:0,updateCollectionName
DA:2,1
DA:4,1
DA:5,0
DA:7,0
DA:9,0
DA:10,0
DA:11,0
DA:12,0
DA:14,0
DA:18,1
DA:19,0
DA:20,0
DA:22,0
DA:24,0
DA:25,0
DA:26,0
DA:27,0
DA:29,0
DA:33,1
DA:34,0
DA:36,0
DA:38,0
DA:39,0
DA:40,0
DA:41,0
DA:43,0
DA:47,1
DA:48,0
DA:50,0
DA:52,0
DA:53,0
DA:54,0
DA:55,0
DA:57,0
LF:34
LH:5
BRDA:7,0,0,0
BRDA:22,1,0,0
BRDA:36,2,0,0
BRDA:50,3,0,0
BRF:4
BRH:0
end_of_record
TN:
SF:src/controllers/inbox.controller.ts
FN:6,getAllChats
FN:19,getChatById
FN:35,deleteChat
FN:49,postMessage
FN:65,createChat
FNF:5
FNH:0
FNDA:0,getAllChats
FNDA:0,getChatById
FNDA:0,deleteChat
FNDA:0,postMessage
FNDA:0,createChat
DA:2,1
DA:3,1
DA:6,1
DA:7,0
DA:9,0
DA:10,0
DA:11,0
DA:12,0
DA:14,0
DA:19,1
DA:20,0
DA:21,0
DA:23,0
DA:25,0
DA:26,0
DA:27,0
DA:28,0
DA:30,0
DA:35,1
DA:36,0
DA:38,0
DA:40,0
DA:41,0
DA:42,0
DA:43,0
DA:45,0
DA:49,1
DA:50,0
DA:51,0
DA:53,0
DA:54,0
DA:56,0
DA:57,0
DA:58,0
DA:59,0
DA:61,0
DA:65,1
DA:66,0
DA:67,0
DA:69,0
DA:71,0
DA:72,0
DA:74,0
DA:75,0
DA:77,0
LF:45
LH:7
BRDA:23,0,0,0
BRDA:38,1,0,0
BRDA:53,2,0,0
BRDA:54,3,0,0
BRDA:69,4,0,0
BRDA:69,5,0,0
BRDA:69,5,1,0
BRF:7
BRH:0
end_of_record
TN:
SF:src/controllers/item.controller.ts
FN:5,getAllItems
FN:17,createItem
FN:33,findItem
FN:55,findItemsByCollectionId
FN:69,updateItemById
FN:85,reserveItem
FN:100,receiveItem
FN:115,returnItem
FN:132,cancelItem
FN:147,deleteItem
FNF:10
FNH:0
FNDA:0,getAllItems
FNDA:0,createItem
FNDA:0,findItem
FNDA:0,findItemsByCollectionId
FNDA:0,updateItemById
FNDA:0,reserveItem
FNDA:0,receiveItem
FNDA:0,returnItem
FNDA:0,cancelItem
FNDA:0,deleteItem
DA:2,1
DA:5,1
DA:6,0
DA:8,0
DA:9,0
DA:10,0
DA:11,0
DA:13,0
DA:17,1
DA:18,0
DA:19,0
DA:21,0
DA:23,0
DA:24,0
DA:25,0
DA:26,0
DA:27,0
DA:29,0
DA:33,1
DA:34,0
DA:35,0
DA:36,0
DA:38,0
DA:39,0
DA:40,0
DA:43,0
DA:46,0
DA:47,0
DA:48,0
DA:49,0
DA:51,0
DA:55,1
DA:56,0
DA:58,0
DA:60,0
DA:61,0
DA:62,0
DA:63,0
DA:65,0
DA:69,1
DA:70,0
DA:71,0
DA:72,0
DA:74,0
DA:76,0
DA:77,0
DA:78,0
DA:79,0
DA:81,0
DA:85,1
DA:86,0
DA:87,0
DA:89,0
DA:91,0
DA:92,0
DA:93,0
DA:94,0
DA:96,0
DA:100,1
DA:101,0
DA:102,0
DA:104,0
DA:106,0
DA:107,0
DA:108,0
DA:109,0
DA:111,0
DA:115,1
DA:116,0
DA:117,0
DA:118,0
DA:120,0
DA:121,0
DA:123,0
DA:124,0
DA:125,0
DA:126,0
DA:128,0
DA:132,1
DA:133,0
DA:134,0
DA:136,0
DA:138,0
DA:139,0
DA:140,0
DA:141,0
DA:143,0
DA:147,1
DA:148,0
DA:150,0
DA:152,0
DA:153,0
DA:154,0
DA:155,0
DA:157,0
LF:95
LH:11
BRDA:21,0,0,0
BRDA:38,1,0,0
BRDA:38,2,0,0
BRDA:38,2,1,0
BRDA:41,3,0,0
BRDA:41,3,1,0
BRDA:58,4,0,0
BRDA:74,5,0,0
BRDA:89,6,0,0
BRDA:104,7,0,0
BRDA:120,8,0,0
BRDA:121,9,0,0
BRDA:136,10,0,0
BRDA:150,11,0,0
BRF:14
BRH:0
end_of_record
TN:
SF:src/controllers/search.controller.ts
FN:4,searchItem
FN:20,discover
FNF:2
FNH:0
FNDA:0,searchItem
FNDA:0,discover
DA:2,1
DA:4,1
DA:5,0
DA:6,0
DA:7,0
DA:9,0
DA:11,0
DA:12,0
DA:13,0
DA:14,0
DA:16,0
DA:20,1
DA:21,0
DA:22,0
DA:24,0
DA:25,0
DA:26,0
DA:27,0
DA:29,0
LF:19
LH:3
BRDA:9,0,0,0
BRF:1
BRH:0
end_of_record
TN:
SF:src/controllers/user.controller.ts
FN:6,createOne
FN:34,getUserById
FN:46,updateUser
FN:79,deleteUser
FNF:4
FNH:2
FNDA:1,createOne
FNDA:2,getUserById
FNDA:0,updateUser
FNDA:0,deleteUser
DA:3,1
DA:6,1
DA:7,1
DA:9,1
DA:10,0
DA:13,1
DA:14,1
DA:15,1
DA:17,1
DA:18,0
DA:20,0
DA:27,0
DA:28,0
DA:30,1
DA:34,1
DA:35,2
DA:36,2
DA:37,2
DA:38,2
DA:39,0
DA:40,0
DA:42,2
DA:46,1
DA:47,0
DA:48,0
DA:50,0
DA:52,0
DA:54,0
DA:55,0
DA:57,0
DA:59,0
DA:60,0
DA:62,0
DA:64,0
DA:67,0
DA:69,0
DA:70,0
DA:71,0
DA:72,0
DA:74,0
DA:79,1
DA:80,0
DA:82,0
DA:83,0
DA:84,0
DA:85,0
DA:86,0
DA:88,0
LF:48
LH:17
BRDA:9,0,0,0
BRDA:9,1,0,1
BRDA:9,1,1,1
BRDA:9,1,2,1
BRDA:9,1,3,1
BRDA:17,2,0,1
BRDA:18,3,0,0
BRDA:36,4,0,0
BRDA:50,5,0,0
BRDA:50,6,0,0
BRDA:50,6,1,0
BRDA:50,6,2,0
BRDA:54,7,0,0
BRDA:54,7,1,0
BRDA:54,8,0,0
BRDA:54,8,1,0
BRDA:57,9,0,0
BRDA:59,10,0,0
BRDA:59,10,1,0
BRDA:59,11,0,0
BRDA:59,11,1,0
BRDA:62,12,0,0
BRF:22
BRH:5
end_of_record
TN:
SF:src/middleware/auth.middleware.ts
FN:9,authenticate
FNF:1
FNH:1
FNDA:1,authenticate
DA:1,1
DA:2,1
DA:4,1
DA:6,1
DA:7,1
DA:9,1
DA:10,1
DA:12,1
DA:14,1
DA:15,1
DA:16,1
DA:18,1
DA:19,0
DA:20,0
DA:21,0
DA:24,0
LF:16
LH:12
BRDA:10,0,0,0
BRDA:10,0,1,1
BRDA:10,1,0,1
BRDA:10,1,1,1
BRDA:12,2,0,0
BRDA:18,3,0,0
BRF:6
BRH:3
end_of_record
TN:
SF:src/models/_index.ts
FN:12,connectDb
FNF:1
FNH:1
FNDA:2,connectDb
DA:1,1
DA:2,1
DA:4,1
DA:6,1
DA:8,1
DA:10,1
DA:13,2
DA:16,1
LF:8
LH:8
BRDA:4,0,0,1
BRDA:4,0,1,0
BRDA:6,1,0,1
BRDA:6,1,1,0
BRF:4
BRH:2
end_of_record
TN:
SF:src/models/chat.model.ts
FN:8,deleteOne
FN:18,getAllChats
FN:62,(anonymous_11)
FN:62,(anonymous_12)
FN:65,(anonymous_13)
FN:66,(anonymous_14)
FN:66,(anonymous_15)
FN:87,getChatById
FN:133,(anonymous_18)
FN:133,(anonymous_19)
FN:136,(anonymous_20)
FN:137,(anonymous_21)
FN:137,(anonymous_22)
FN:140,(anonymous_23)
FN:149,(anonymous_24)
FN:156,(anonymous_25)
FN:166,createChat
FNF:17
FNH:0
FNDA:0,deleteOne
FNDA:0,getAllChats
FNDA:0,(anonymous_11)
FNDA:0,(anonymous_12)
FNDA:0,(anonymous_13)
FNDA:0,(anonymous_14)
FNDA:0,(anonymous_15)
FNDA:0,getChatById
FNDA:0,(anonymous_18)
FNDA:0,(anonymous_19)
FNDA:0,(anonymous_20)
FNDA:0,(anonymous_21)
FNDA:0,(anonymous_22)
FNDA:0,(anonymous_23)
FNDA:0,(anonymous_24)
FNDA:0,(anonymous_25)
FNDA:0,createChat
DA:1,1
DA:3,1
DA:4,1
DA:5,1
DA:6,1
DA:8,1
DA:9,0
DA:10,0
DA:11,0
DA:13,0
DA:14,0
DA:18,1
DA:19,0
DA:20,0
DA:61,0
DA:62,0
DA:63,0
DA:65,0
DA:66,0
DA:69,0
DA:80,0
DA:82,0
DA:83,0
DA:87,1
DA:88,0
DA:89,0
DA:91,0
DA:133,0
DA:134,0
DA:136,0
DA:137,0
DA:140,0
DA:142,0
DA:149,0
DA:156,0
DA:159,0
DA:161,0
DA:162,0
DA:166,1
DA:167,0
DA:168,0
DA:169,0
DA:170,0
DA:172,0
DA:177,0
DA:179,0
DA:180,0
DA:186,0
DA:187,0
DA:188,0
DA:190,0
DA:192,0
DA:193,0
LF:53
LH:9
BRDA:179,0,0,0
BRF:1
BRH:0
end_of_record
TN:
SF:src/models/collection.model.ts
FN:8,createOne
FN:14,(anonymous_15)
FN:18,(anonymous_16)
FN:25,findCollectionById
FN:34,getAll
FN:69,(anonymous_21)
FN:72,(anonymous_22)
FN:82,addItemToCollection
FN:100,removeItemFromCollection
FN:113,updateName
FN:123,deleteOne
FN:132,getCollectionIdByName
FNF:12
FNH:0
FNDA:0,createOne
FNDA:0,(anonymous_15)
FNDA:0,(anonymous_16)
FNDA:0,findCollectionById
FNDA:0,getAll
FNDA:0,(anonymous_21)
FNDA:0,(anonymous_22)
FNDA:0,addItemToCollection
FNDA:0,removeItemFromCollection
FNDA:0,updateName
FNDA:0,deleteOne
FNDA:0,getCollectionIdByName
DA:1,1
DA:3,1
DA:4,1
DA:5,1
DA:8,1
DA:9,0
DA:10,0
DA:14,0
DA:15,0
DA:16,0
DA:18,0
DA:20,0
DA:21,0
DA:25,1
DA:26,0
DA:27,0
DA:29,0
DA:30,0
DA:34,1
DA:35,0
DA:36,0
DA:69,0
DA:72,0
DA:75,0
DA:77,0
DA:78,0
DA:82,1
DA:83,0
DA:84,0
DA:85,0
DA:87,0
DA:88,0
DA:91,0
DA:95,0
DA:96,0
DA:100,1
DA:101,0
DA:102,0
DA:104,0
DA:108,0
DA:109,0
DA:113,1
DA:114,0
DA:115,0
DA:118,0
DA:119,0
DA:123,1
DA:124,0
DA:125,0
DA:127,0
DA:128,0
DA:132,1
DA:133,0
DA:134,0
DA:149,0
DA:150,0
DA:152,0
DA:153,0
LF:58
LH:12
BRDA:87,0,0,0
BRDA:87,1,0,0
BRDA:87,1,1,0
BRDA:149,2,0,0
BRDA:149,2,1,0
BRF:5
BRH:0
end_of_record
TN:
SF:src/models/item.model.ts
FN:11,getAll
FN:16,(anonymous_16)
FN:34,findItemById
FN:62,createOne
FN:80,(anonymous_21)
FN:84,(anonymous_22)
FN:91,findItemsByCollection
FN:124,(anonymous_25)
FN:142,updateOne
FN:153,deleteOne
FN:162,reserveItem
FN:187,cancelReserveItem
FN:208,recieveItem
FN:245,returnItem
FN:272,searchByQuery
FN:296,discoverItems
FNF:16
FNH:0
FNDA:0,getAll
FNDA:0,(anonymous_16)
FNDA:0,findItemById
FNDA:0,createOne
FNDA:0,(anonymous_21)
FNDA:0,(anonymous_22)
FNDA:0,findItemsByCollection
FNDA:0,(anonymous_25)
FNDA:0,updateOne
FNDA:0,deleteOne
FNDA:0,reserveItem
FNDA:0,cancelReserveItem
FNDA:0,recieveItem
FNDA:0,returnItem
FNDA:0,searchByQuery
FNDA:0,discoverItems
DA:2,1
DA:3,1
DA:4,1
DA:5,1
DA:6,1
DA:7,1
DA:8,1
DA:9,1
DA:11,1
DA:12,0
DA:13,0
DA:14,0
DA:16,0
DA:27,0
DA:29,0
DA:30,0
DA:34,1
DA:35,0
DA:36,0
DA:37,0
DA:39,0
DA:40,0
DA:42,0
DA:43,0
DA:57,0
DA:58,0
DA:62,1
DA:63,0
DA:64,0
DA:65,0
DA:67,0
DA:69,0
DA:71,0
DA:73,0
DA:80,0
DA:81,0
DA:82,0
DA:84,0
DA:86,0
DA:87,0
DA:91,1
DA:92,0
DA:93,0
DA:94,0
DA:124,0
DA:135,0
DA:137,0
DA:138,0
DA:142,1
DA:143,0
DA:144,0
DA:145,0
DA:146,0
DA:148,0
DA:149,0
DA:153,1
DA:154,0
DA:155,0
DA:157,0
DA:158,0
DA:162,1
DA:163,0
DA:164,0
DA:165,0
DA:166,0
DA:167,0
DA:169,0
DA:170,0
DA:172,0
DA:177,0
DA:178,0
DA:179,0
DA:182,0
DA:183,0
DA:187,1
DA:188,0
DA:189,0
DA:190,0
DA:191,0
DA:194,0
DA:195,0
DA:197,0
DA:198,0
DA:203,0
DA:204,0
DA:208,1
DA:209,0
DA:210,0
DA:211,0
DA:212,0
DA:213,0
DA:214,0
DA:216,0
DA:217,0
DA:219,0
DA:220,0
DA:221,0
DA:222,0
DA:223,0
DA:224,0
DA:225,0
DA:226,0
DA:228,0
DA:232,0
DA:236,0
DA:240,0
DA:241,0
DA:245,1
DA:246,0
DA:247,0
DA:248,0
DA:249,0
DA:250,0
DA:251,0
DA:253,0
DA:254,0
DA:255,0
DA:256,0
DA:258,0
DA:259,0
DA:261,0
DA:267,0
DA:268,0
DA:272,1
DA:273,0
DA:274,0
DA:288,0
DA:289,0
DA:291,0
DA:292,0
DA:296,1
DA:297,0
DA:298,0
DA:299,0
DA:300,0
DA:302,0
DA:303,0
LF:137
LH:20
BRDA:39,0,0,0
BRDA:40,1,0,0
BRDA:67,2,0,0
BRDA:71,3,0,0
BRDA:75,4,0,0
BRDA:75,4,1,0
BRDA:169,5,0,0
BRDA:194,6,0,0
BRDA:194,6,1,0
BRDA:194,7,0,0
BRDA:194,7,1,0
BRDA:195,8,0,0
BRDA:195,9,0,0
BRDA:195,9,1,0
BRDA:216,10,0,0
BRDA:216,11,0,0
BRDA:216,11,1,0
BRDA:216,11,2,0
BRDA:216,11,3,0
BRDA:219,12,0,0
BRDA:219,12,1,0
BRDA:253,13,0,0
BRF:22
BRH:0
end_of_record
TN:
SF:src/models/message.model.ts
FN:6,postMessage
FNF:1
FNH:0
FNDA:0,postMessage
DA:1,1
DA:3,1
DA:4,1
DA:6,1
DA:7,0
DA:8,0
DA:9,0
DA:15,0
DA:21,0
DA:22,0
LF:10
LH:4
BRF:0
BRH:0
end_of_record
TN:
SF:src/models/user.model.ts
FN:8,createUser
FN:25,(anonymous_16)
FN:25,(anonymous_17)
FN:32,(anonymous_18)
FN:39,findUserById
FN:48,addToUserCollection
FN:63,updateUserDetails
FN:80,deleteUserById
FN:90,getUserGeoLocation
FN:96,findUserByUsername
FN:100,findUserByEmail
FN:104,getUsername
FN:110,addChatToInbox
FN:126,transferValue
FNF:14
FNH:3
FNDA:0,createUser
FNDA:0,(anonymous_16)
FNDA:0,(anonymous_17)
FNDA:0,(anonymous_18)
FNDA:3,findUserById
FNDA:0,addToUserCollection
FNDA:0,updateUserDetails
FNDA:0,deleteUserById
FNDA:0,getUserGeoLocation
FNDA:1,findUserByUsername
FNDA:1,findUserByEmail
FNDA:0,getUsername
FNDA:0,addChatToInbox
FNDA:0,transferValue
DA:1,1
DA:3,1
DA:4,1
DA:5,1
DA:6,1
DA:8,1
DA:9,0
DA:10,0
DA:11,0
DA:13,0
DA:25,0
DA:26,0
DA:27,0
DA:28,0
DA:29,0
DA:30,0
DA:32,0
DA:34,0
DA:35,0
DA:39,1
DA:40,3
DA:41,3
DA:43,2
DA:44,2
DA:48,1
DA:49,0
DA:50,0
DA:51,0
DA:56,0
DA:58,0
DA:59,0
DA:63,1
DA:64,0
DA:65,0
DA:66,0
DA:73,0
DA:75,0
DA:76,0
DA:80,1
DA:81,0
DA:82,0
DA:83,0
DA:85,0
DA:86,0
DA:90,1
DA:91,0
DA:92,0
DA:93,0
DA:96,1
DA:97,1
DA:100,1
DA:101,1
DA:104,1
DA:105,0
DA:106,0
DA:107,0
DA:110,1
DA:111,0
DA:112,0
DA:113,0
DA:115,0
DA:121,0
DA:122,0
DA:126,1
DA:127,0
DA:128,0
DA:130,0
DA:131,0
DA:132,0
DA:134,0
DA:136,0
DA:138,0
DA:139,0
LF:73
LH:22
BRDA:92,0,0,0
BRDA:106,1,0,0
BRDA:106,1,1,0
BRDA:130,2,0,0
BRDA:130,3,0,0
BRDA:130,3,1,0
BRF:6
BRH:0
end_of_record
TN:
SF:src/models/schemas/chat.schema.ts
FNF:0
FNH:0
DA:1,1
DA:4,1
DA:13,1
LF:3
LH:3
BRF:0
BRH:0
end_of_record
TN:
SF:src/models/schemas/collection.schema.ts
FNF:0
FNH:0
DA:1,1
DA:5,1
DA:11,1
LF:3
LH:3
BRF:0
BRH:0
end_of_record
TN:
SF:src/models/schemas/item.schema.ts
FNF:0
FNH:0
DA:1,1
DA:4,1
DA:17,1
DA:20,1
DA:23,1
LF:5
LH:5
BRF:0
BRH:0
end_of_record
TN:
SF:src/models/schemas/message.schema.ts
FNF:0
FNH:0
DA:1,1
DA:4,1
DA:14,1
LF:3
LH:3
BRF:0
BRH:0
end_of_record
TN:
SF:src/models/schemas/user.schema.ts
FNF:0
FNH:0
DA:1,1
DA:4,1
DA:14,1
DA:22,1
DA:34,1
LF:5
LH:5
BRF:0
BRH:0
end_of_record
TN:
SF:src/utilities/geocoding.ts
FN:8,convertAddressToGeoCode
FN:15,(anonymous_2)
FN:29,(anonymous_3)
FNF:3
FNH:2
FNDA:1,convertAddressToGeoCode
FNDA:1,(anonymous_2)
FNDA:0,(anonymous_3)
DA:1,2
DA:2,2
DA:5,2
DA:6,2
DA:8,2
DA:9,1
DA:10,1
DA:11,1
DA:13,1
DA:16,1
DA:17,1
DA:18,1
DA:19,1
DA:23,1
DA:25,0
DA:26,0
DA:30,0
DA:31,0
LF:18
LH:14
BRDA:17,0,0,1
BRDA:17,0,1,0
BRDA:17,1,0,1
BRDA:17,1,1,1
BRF:4
BRH:3
end_of_record
TN:
SF:src/utilities/location.ts
FN:6,getItemLocations
FN:9,(anonymous_9)
FN:9,(anonymous_10)
FN:15,sortByDistanceFromUser
FN:16,(anonymous_12)
FN:31,(anonymous_13)
FN:34,itemDistanceFromUser
FNF:7
FNH:0
FNDA:0,getItemLocations
FNDA:0,(anonymous_9)
FNDA:0,(anonymous_10)
FNDA:0,sortByDistanceFromUser
FNDA:0,(anonymous_12)
FNDA:0,(anonymous_13)
FNDA:0,itemDistanceFromUser
DA:1,1
DA:3,1
DA:6,1
DA:7,0
DA:9,0
DA:15,1
DA:16,0
DA:31,0
DA:34,1
DA:35,0
DA:36,0
LF:11
LH:5
BRDA:7,0,0,0
BRDA:36,1,0,0
BRF:2
BRH:0
end_of_record
TN:
SF:src/utilities/webToken.ts
FN:8,generateJWT
FNF:1
FNH:1
FNDA:1,generateJWT
DA:1,2
DA:2,2
DA:5,2
DA:6,2
DA:8,2
DA:9,1
DA:13,1
LF:7
LH:7
BRF:0
BRH:0
end_of_record
TN:
SF:test/mocks.ts
FNF:0
FNH:0
DA:1,3
DA:4,3
DA:5,3
DA:9,3
DA:16,3
DA:22,3
DA:33,3
DA:45,3
LF:8
LH:8
BRF:0
BRH:0
end_of_record
