TN:
SF:src/index.ts
FN:41,(anonymous_8)
FN:41,(anonymous_9)
FN:45,(anonymous_10)
FN:45,(anonymous_11)
FNF:4
FNH:4
FNDA:1,(anonymous_8)
FNDA:1,(anonymous_9)
FNDA:1,(anonymous_10)
FNDA:1,(anonymous_11)
DA:1,1
DA:2,1
DA:3,1
DA:4,1
DA:5,1
DA:6,1
DA:7,1
DA:8,1
DA:9,1
DA:11,1
DA:12,1
DA:13,1
DA:14,1
DA:15,1
DA:24,1
DA:27,1
DA:33,1
DA:34,1
DA:35,1
DA:37,1
DA:38,1
DA:41,1
DA:42,1
DA:43,1
DA:45,1
DA:46,1
DA:50,1
DA:52,1
LF:28
LH:28
BRDA:12,0,0,1
BRDA:12,0,1,0
BRF:2
BRH:1
end_of_record
TN:
SF:src/router.ts
FN:13,(anonymous_7)
FNF:1
FNH:1
FNDA:1,(anonymous_7)
DA:1,1
DA:2,1
DA:3,1
DA:4,1
DA:5,1
DA:6,1
DA:7,1
DA:8,1
DA:10,1
DA:13,1
DA:14,1
DA:15,1
DA:19,1
DA:20,1
DA:21,1
DA:25,1
DA:26,1
DA:27,1
DA:28,1
DA:29,1
DA:30,1
DA:33,1
DA:34,1
DA:37,1
DA:38,1
DA:39,1
DA:40,1
DA:41,1
DA:42,1
DA:43,1
DA:46,1
DA:47,1
DA:48,1
DA:49,1
DA:50,1
DA:53,1
DA:56,1
DA:57,1
DA:58,1
DA:59,1
DA:61,1
LF:41
LH:41
BRF:0
BRH:0
end_of_record
TN:
SF:src/controllers/auth.controller.ts
FN:7,login
FNF:1
FNH:0
FNDA:0,login
DA:2,1
DA:3,1
DA:4,1
DA:7,1
DA:8,0
DA:9,0
DA:10,0
DA:12,0
DA:13,0
DA:15,0
DA:16,0
DA:18,0
DA:20,0
DA:21,0
DA:23,0
LF:15
LH:4
BRDA:10,0,0,0
BRDA:10,1,0,0
BRDA:10,1,1,0
BRDA:13,2,0,0
BRDA:16,3,0,0
BRF:5
BRH:0
end_of_record
TN:
SF:src/controllers/collection.controller.ts
FN:4,getAllCollections
FN:18,createCollection
FN:32,deleteCollection
FN:46,updateCollectionName
FN:62,removeItemsFromCollection
FN:77,addItemsToCollections
FNF:6
FNH:0
FNDA:0,getAllCollections
FNDA:0,createCollection
FNDA:0,deleteCollection
FNDA:0,updateCollectionName
FNDA:0,removeItemsFromCollection
FNDA:0,addItemsToCollections
DA:2,1
DA:4,1
DA:5,0
DA:7,0
DA:9,0
DA:10,0
DA:11,0
DA:12,0
DA:14,0
DA:18,1
DA:19,0
DA:20,0
DA:21,0
DA:23,0
DA:24,0
DA:25,0
DA:26,0
DA:28,0
DA:32,1
DA:33,0
DA:34,0
DA:35,0
DA:37,0
DA:38,0
DA:39,0
DA:40,0
DA:42,0
DA:46,1
DA:47,0
DA:48,0
DA:50,0
DA:51,0
DA:53,0
DA:54,0
DA:55,0
DA:56,0
DA:58,0
DA:62,1
DA:63,0
DA:64,0
DA:65,0
DA:66,0
DA:68,0
DA:69,0
DA:70,0
DA:71,0
DA:73,0
DA:77,1
DA:78,0
DA:80,0
DA:82,0
DA:83,0
DA:84,0
DA:85,0
DA:87,0
LF:55
LH:7
BRDA:7,0,0,0
BRDA:21,1,0,0
BRDA:35,2,0,0
BRDA:50,3,0,0
BRDA:51,4,0,0
BRDA:66,5,0,0
BRDA:80,6,0,0
BRDA:80,7,0,0
BRDA:80,7,1,0
BRF:9
BRH:0
end_of_record
TN:
SF:src/controllers/inbox.controller.ts
FN:6,getAllChats
FN:19,getChatById
FN:35,deleteChat
FN:49,postMessage
FN:65,createChat
FNF:5
FNH:0
FNDA:0,getAllChats
FNDA:0,getChatById
FNDA:0,deleteChat
FNDA:0,postMessage
FNDA:0,createChat
DA:2,1
DA:3,1
DA:6,1
DA:7,0
DA:9,0
DA:10,0
DA:11,0
DA:12,0
DA:14,0
DA:19,1
DA:20,0
DA:21,0
DA:23,0
DA:25,0
DA:26,0
DA:27,0
DA:28,0
DA:30,0
DA:35,1
DA:36,0
DA:38,0
DA:40,0
DA:41,0
DA:42,0
DA:43,0
DA:45,0
DA:49,1
DA:50,0
DA:51,0
DA:53,0
DA:54,0
DA:56,0
DA:57,0
DA:58,0
DA:59,0
DA:61,0
DA:65,1
DA:66,0
DA:67,0
DA:69,0
DA:71,0
DA:72,0
DA:74,0
DA:75,0
DA:77,0
LF:45
LH:7
BRDA:23,0,0,0
BRDA:38,1,0,0
BRDA:53,2,0,0
BRDA:54,3,0,0
BRDA:69,4,0,0
BRDA:69,5,0,0
BRDA:69,5,1,0
BRF:7
BRH:0
end_of_record
TN:
SF:src/controllers/item.controller.ts
FN:5,getAllItems
FN:17,createItem
FN:34,findItem
FN:56,findItemsByCollectionId
FN:70,updateItemById
FN:86,reserveItem
FN:101,receiveItem
FN:116,returnItem
FN:131,cancelItem
FN:146,deleteItem
FNF:10
FNH:0
FNDA:0,getAllItems
FNDA:0,createItem
FNDA:0,findItem
FNDA:0,findItemsByCollectionId
FNDA:0,updateItemById
FNDA:0,reserveItem
FNDA:0,receiveItem
FNDA:0,returnItem
FNDA:0,cancelItem
FNDA:0,deleteItem
DA:2,1
DA:5,1
DA:6,0
DA:8,0
DA:9,0
DA:10,0
DA:11,0
DA:13,0
DA:17,1
DA:18,0
DA:19,0
DA:20,0
DA:22,0
DA:24,0
DA:25,0
DA:26,0
DA:27,0
DA:28,0
DA:30,0
DA:34,1
DA:35,0
DA:36,0
DA:37,0
DA:39,0
DA:40,0
DA:41,0
DA:44,0
DA:47,0
DA:48,0
DA:49,0
DA:50,0
DA:52,0
DA:56,1
DA:57,0
DA:59,0
DA:61,0
DA:62,0
DA:63,0
DA:64,0
DA:66,0
DA:70,1
DA:71,0
DA:72,0
DA:73,0
DA:75,0
DA:77,0
DA:78,0
DA:79,0
DA:80,0
DA:82,0
DA:86,1
DA:87,0
DA:88,0
DA:90,0
DA:92,0
DA:93,0
DA:94,0
DA:95,0
DA:97,0
DA:101,1
DA:102,0
DA:103,0
DA:105,0
DA:107,0
DA:108,0
DA:109,0
DA:110,0
DA:112,0
DA:116,1
DA:117,0
DA:118,0
DA:120,0
DA:122,0
DA:123,0
DA:124,0
DA:125,0
DA:127,0
DA:131,1
DA:132,0
DA:133,0
DA:135,0
DA:137,0
DA:138,0
DA:139,0
DA:140,0
DA:142,0
DA:146,1
DA:147,0
DA:149,0
DA:151,0
DA:152,0
DA:153,0
DA:154,0
DA:156,0
LF:94
LH:11
BRDA:22,0,0,0
BRDA:39,1,0,0
BRDA:39,2,0,0
BRDA:39,2,1,0
BRDA:42,3,0,0
BRDA:42,3,1,0
BRDA:59,4,0,0
BRDA:75,5,0,0
BRDA:90,6,0,0
BRDA:105,7,0,0
BRDA:120,8,0,0
BRDA:135,9,0,0
BRDA:149,10,0,0
BRF:13
BRH:0
end_of_record
TN:
SF:src/controllers/search.controller.ts
FN:4,searchItem
FN:20,discover
FNF:2
FNH:0
FNDA:0,searchItem
FNDA:0,discover
DA:2,1
DA:4,1
DA:5,0
DA:6,0
DA:7,0
DA:9,0
DA:11,0
DA:12,0
DA:13,0
DA:14,0
DA:16,0
DA:20,1
DA:21,0
DA:22,0
DA:24,0
DA:25,0
DA:26,0
DA:27,0
DA:29,0
LF:19
LH:3
BRDA:9,0,0,0
BRF:1
BRH:0
end_of_record
TN:
SF:src/controllers/socketHandler.controller.ts
FN:4,(anonymous_7)
FN:5,(anonymous_8)
FN:8,(anonymous_9)
FN:8,(anonymous_10)
FN:12,(anonymous_11)
FN:12,(anonymous_12)
FN:16,(anonymous_13)
FN:16,(anonymous_14)
FN:20,(anonymous_15)
FNF:9
FNH:1
FNDA:1,(anonymous_7)
FNDA:0,(anonymous_8)
FNDA:0,(anonymous_9)
FNDA:0,(anonymous_10)
FNDA:0,(anonymous_11)
FNDA:0,(anonymous_12)
FNDA:0,(anonymous_13)
FNDA:0,(anonymous_14)
FNDA:0,(anonymous_15)
DA:2,1
DA:4,1
DA:5,1
DA:6,0
DA:8,0
DA:9,0
DA:12,0
DA:13,0
DA:16,0
DA:17,0
DA:20,0
DA:21,0
DA:26,1
LF:13
LH:4
BRF:0
BRH:0
end_of_record
TN:
SF:src/controllers/socketListener.controller.ts
FN:7,handleJoinRoom
FN:16,handleSendMessage
FN:24,handleLeaveRoom
FNF:3
FNH:0
FNDA:0,handleJoinRoom
FNDA:0,handleSendMessage
FNDA:0,handleLeaveRoom
DA:2,1
DA:3,1
DA:4,1
DA:8,0
DA:9,0
DA:11,0
DA:12,0
DA:13,0
DA:17,0
DA:19,0
DA:21,0
DA:25,0
DA:26,0
DA:27,0
DA:31,1
DA:32,1
DA:33,1
LF:17
LH:6
BRDA:12,0,0,0
BRF:1
BRH:0
end_of_record
TN:
SF:src/controllers/user.controller.ts
FN:6,createOne
FN:34,getUserById
FN:46,updateUser
FN:79,deleteUser
FNF:4
FNH:2
FNDA:1,createOne
FNDA:2,getUserById
FNDA:0,updateUser
FNDA:0,deleteUser
DA:3,1
DA:6,1
DA:7,1
DA:9,1
DA:10,0
DA:13,1
DA:14,1
DA:15,1
DA:17,1
DA:18,1
DA:20,1
DA:27,1
DA:28,1
DA:30,0
DA:34,1
DA:35,2
DA:36,2
DA:37,2
DA:38,2
DA:39,1
DA:40,1
DA:42,1
DA:46,1
DA:47,0
DA:48,0
DA:50,0
DA:52,0
DA:54,0
DA:55,0
DA:57,0
DA:59,0
DA:60,0
DA:62,0
DA:64,0
DA:67,0
DA:69,0
DA:70,0
DA:71,0
DA:72,0
DA:74,0
DA:79,1
DA:80,0
DA:82,0
DA:83,0
DA:84,0
DA:85,0
DA:86,0
DA:88,0
LF:48
LH:22
BRDA:9,0,0,0
BRDA:9,1,0,1
BRDA:9,1,1,1
BRDA:9,1,2,1
BRDA:9,1,3,1
BRDA:17,2,0,0
BRDA:18,3,0,0
BRDA:36,4,0,0
BRDA:50,5,0,0
BRDA:50,6,0,0
BRDA:50,6,1,0
BRDA:50,6,2,0
BRDA:54,7,0,0
BRDA:54,7,1,0
BRDA:54,8,0,0
BRDA:54,8,1,0
BRDA:57,9,0,0
BRDA:59,10,0,0
BRDA:59,10,1,0
BRDA:59,11,0,0
BRDA:59,11,1,0
BRDA:62,12,0,0
BRF:22
BRH:4
end_of_record
TN:
SF:src/middleware/auth.middleware.ts
FN:9,authenticate
FNF:1
FNH:1
FNDA:1,authenticate
DA:1,1
DA:2,1
DA:4,1
DA:6,1
DA:7,1
DA:9,1
DA:10,1
DA:12,1
DA:14,1
DA:15,1
DA:16,1
DA:18,1
DA:19,0
DA:20,0
DA:21,0
DA:24,0
LF:16
LH:12
BRDA:10,0,0,0
BRDA:10,0,1,1
BRDA:10,1,0,1
BRDA:10,1,1,1
BRDA:12,2,0,0
BRDA:18,3,0,0
BRF:6
BRH:3
end_of_record
TN:
SF:src/models/_index.ts
FN:12,connectDb
FNF:1
FNH:1
FNDA:2,connectDb
DA:1,1
DA:2,1
DA:4,1
DA:6,1
DA:8,1
DA:10,1
DA:13,2
DA:16,1
LF:8
LH:8
BRDA:4,0,0,1
BRDA:4,0,1,0
BRDA:6,1,0,1
BRDA:6,1,1,0
BRF:4
BRH:2
end_of_record
TN:
SF:src/models/chat.model.ts
FN:8,deleteOne
FN:18,getAllChats
FN:62,(anonymous_11)
FN:62,(anonymous_12)
FN:65,(anonymous_13)
FN:66,(anonymous_14)
FN:66,(anonymous_15)
FN:87,getChatById
FN:132,(anonymous_18)
FN:132,(anonymous_19)
FN:135,(anonymous_20)
FN:136,(anonymous_21)
FN:136,(anonymous_22)
FN:139,(anonymous_23)
FN:148,(anonymous_24)
FN:154,(anonymous_25)
FN:164,createChat
FNF:17
FNH:0
FNDA:0,deleteOne
FNDA:0,getAllChats
FNDA:0,(anonymous_11)
FNDA:0,(anonymous_12)
FNDA:0,(anonymous_13)
FNDA:0,(anonymous_14)
FNDA:0,(anonymous_15)
FNDA:0,getChatById
FNDA:0,(anonymous_18)
FNDA:0,(anonymous_19)
FNDA:0,(anonymous_20)
FNDA:0,(anonymous_21)
FNDA:0,(anonymous_22)
FNDA:0,(anonymous_23)
FNDA:0,(anonymous_24)
FNDA:0,(anonymous_25)
FNDA:0,createChat
DA:1,1
DA:3,1
DA:4,1
DA:5,1
DA:6,1
DA:8,1
DA:9,0
DA:10,0
DA:11,0
DA:13,0
DA:14,0
DA:18,1
DA:19,0
DA:20,0
DA:61,0
DA:62,0
DA:63,0
DA:65,0
DA:66,0
DA:69,0
DA:80,0
DA:82,0
DA:83,0
DA:87,1
DA:88,0
DA:89,0
DA:91,0
DA:132,0
DA:133,0
DA:135,0
DA:136,0
DA:139,0
DA:141,0
DA:148,0
DA:154,0
DA:157,0
DA:159,0
DA:160,0
DA:164,1
DA:165,0
DA:166,0
DA:167,0
DA:168,0
DA:170,0
DA:175,0
DA:177,0
DA:178,0
DA:189,0
DA:190,0
DA:191,0
DA:192,0
DA:193,0
DA:195,0
DA:197,0
DA:198,0
LF:55
LH:9
BRDA:177,0,0,0
BRF:1
BRH:0
end_of_record
TN:
SF:src/models/collection.model.ts
FN:10,createOne
FN:19,(anonymous_15)
FN:22,(anonymous_16)
FN:24,(anonymous_17)
FN:31,findCollectionById
FN:40,getAll
FN:75,(anonymous_22)
FN:78,(anonymous_23)
FN:88,addItemToCollection
FN:107,removeItemFromCollection
FN:121,updateName
FN:131,deleteOne
FN:136,(anonymous_32)
FN:136,(anonymous_33)
FN:150,getCollectionIdByName
FN:175,removeItemsFromCollection
FN:178,(anonymous_38)
FN:196,addItemsToCollections
FN:200,(anonymous_41)
FN:201,(anonymous_42)
FNF:20
FNH:3
FNDA:4,createOne
FNDA:4,(anonymous_15)
FNDA:0,(anonymous_16)
FNDA:4,(anonymous_17)
FNDA:0,findCollectionById
FNDA:0,getAll
FNDA:0,(anonymous_22)
FNDA:0,(anonymous_23)
FNDA:0,addItemToCollection
FNDA:0,removeItemFromCollection
FNDA:0,updateName
FNDA:0,deleteOne
FNDA:0,(anonymous_32)
FNDA:0,(anonymous_33)
FNDA:0,getCollectionIdByName
FNDA:0,removeItemsFromCollection
FNDA:0,(anonymous_38)
FNDA:0,addItemsToCollections
FNDA:0,(anonymous_41)
FNDA:0,(anonymous_42)
DA:1,1
DA:3,1
DA:4,1
DA:5,1
DA:7,1
DA:8,1
DA:10,1
DA:11,4
DA:12,4
DA:17,4
DA:19,4
DA:20,4
DA:21,4
DA:22,4
DA:24,4
DA:26,0
DA:27,0
DA:31,1
DA:32,0
DA:33,0
DA:35,0
DA:36,0
DA:40,1
DA:41,0
DA:42,0
DA:75,0
DA:78,0
DA:81,0
DA:83,0
DA:84,0
DA:88,1
DA:89,0
DA:90,0
DA:91,0
DA:93,0
DA:94,0
DA:97,0
DA:98,0
DA:102,0
DA:103,0
DA:107,1
DA:108,0
DA:109,0
DA:110,0
DA:112,0
DA:116,0
DA:117,0
DA:121,1
DA:122,0
DA:123,0
DA:126,0
DA:127,0
DA:131,1
DA:132,0
DA:133,0
DA:134,0
DA:135,0
DA:136,0
DA:137,0
DA:143,0
DA:145,0
DA:146,0
DA:150,1
DA:151,0
DA:152,0
DA:167,0
DA:168,0
DA:170,0
DA:171,0
DA:175,1
DA:176,0
DA:177,0
DA:178,0
DA:180,0
DA:181,0
DA:186,0
DA:191,0
DA:192,0
DA:196,1
DA:197,0
DA:198,0
DA:199,0
DA:200,0
DA:201,0
DA:202,0
DA:203,0
DA:205,0
DA:206,0
DA:211,0
DA:212,0
DA:217,0
DA:220,0
DA:221,0
LF:93
LH:24
BRDA:14,0,0,4
BRDA:14,0,1,4
BRDA:22,1,0,0
BRDA:22,2,0,4
BRDA:22,2,1,0
BRDA:93,3,0,0
BRDA:93,4,0,0
BRDA:93,4,1,0
BRDA:135,5,0,0
BRDA:167,6,0,0
BRDA:167,6,1,0
BRF:11
BRH:3
end_of_record
TN:
SF:src/models/item.model.ts
FN:11,getAll
FN:16,(anonymous_16)
FN:34,findItemById
FN:62,createOne
FN:74,(anonymous_21)
FN:85,(anonymous_22)
FN:87,(anonymous_23)
FN:87,(anonymous_24)
FN:89,(anonymous_25)
FN:96,findItemsByCollection
FN:129,(anonymous_28)
FN:147,updateOne
FN:166,(anonymous_31)
FN:190,deleteOne
FN:199,reserveItem
FN:224,cancelReserveItem
FN:245,recieveItem
FN:282,returnItem
FN:337,searchByQuery
FN:362,discoverItems
FNF:20
FNH:0
FNDA:0,getAll
FNDA:0,(anonymous_16)
FNDA:0,findItemById
FNDA:0,createOne
FNDA:0,(anonymous_21)
FNDA:0,(anonymous_22)
FNDA:0,(anonymous_23)
FNDA:0,(anonymous_24)
FNDA:0,(anonymous_25)
FNDA:0,findItemsByCollection
FNDA:0,(anonymous_28)
FNDA:0,updateOne
FNDA:0,(anonymous_31)
FNDA:0,deleteOne
FNDA:0,reserveItem
FNDA:0,cancelReserveItem
FNDA:0,recieveItem
FNDA:0,returnItem
FNDA:0,searchByQuery
FNDA:0,discoverItems
DA:2,1
DA:3,1
DA:4,1
DA:5,1
DA:6,1
DA:7,1
DA:8,1
DA:9,1
DA:11,1
DA:12,0
DA:13,0
DA:14,0
DA:16,0
DA:27,0
DA:29,0
DA:30,0
DA:34,1
DA:35,0
DA:36,0
DA:37,0
DA:39,0
DA:40,0
DA:42,0
DA:43,0
DA:57,0
DA:58,0
DA:62,1
DA:63,0
DA:64,0
DA:65,0
DA:66,0
DA:69,0
DA:70,0
DA:71,0
DA:73,0
DA:74,0
DA:77,0
DA:78,0
DA:85,0
DA:86,0
DA:87,0
DA:89,0
DA:91,0
DA:92,0
DA:96,1
DA:97,0
DA:98,0
DA:99,0
DA:129,0
DA:140,0
DA:142,0
DA:143,0
DA:147,1
DA:148,0
DA:149,0
DA:150,0
DA:151,0
DA:153,0
DA:154,0
DA:155,0
DA:156,0
DA:159,0
DA:160,0
DA:161,0
DA:162,0
DA:166,0
DA:167,0
DA:168,0
DA:169,0
DA:170,0
DA:174,0
DA:175,0
DA:176,0
DA:178,0
DA:182,0
DA:185,0
DA:186,0
DA:190,1
DA:191,0
DA:192,0
DA:194,0
DA:195,0
DA:199,1
DA:200,0
DA:201,0
DA:202,0
DA:203,0
DA:204,0
DA:206,0
DA:207,0
DA:209,0
DA:214,0
DA:215,0
DA:216,0
DA:219,0
DA:220,0
DA:224,1
DA:225,0
DA:226,0
DA:227,0
DA:228,0
DA:231,0
DA:232,0
DA:234,0
DA:235,0
DA:240,0
DA:241,0
DA:245,1
DA:246,0
DA:247,0
DA:248,0
DA:249,0
DA:250,0
DA:251,0
DA:253,0
DA:254,0
DA:256,0
DA:257,0
DA:258,0
DA:259,0
DA:260,0
DA:261,0
DA:262,0
DA:263,0
DA:265,0
DA:269,0
DA:273,0
DA:277,0
DA:278,0
DA:282,1
DA:283,0
DA:284,0
DA:285,0
DA:286,0
DA:313,0
DA:314,0
DA:315,0
DA:318,0
DA:319,0
DA:320,0
DA:321,0
DA:323,0
DA:324,0
DA:326,0
DA:332,0
DA:333,0
DA:337,1
DA:338,0
DA:339,0
DA:340,0
DA:354,0
DA:355,0
DA:357,0
DA:358,0
DA:362,1
DA:363,0
DA:364,0
DA:365,0
DA:366,0
DA:367,0
DA:369,0
DA:370,0
LF:162
LH:20
BRDA:39,0,0,0
BRDA:40,1,0,0
BRDA:66,2,0,0
BRDA:71,3,0,0
BRDA:73,4,0,0
BRDA:73,5,0,0
BRDA:73,5,1,0
BRDA:153,6,0,0
BRDA:153,7,0,0
BRDA:153,7,1,0
BRDA:161,8,0,0
BRDA:169,9,0,0
BRDA:174,10,0,0
BRDA:175,11,0,0
BRDA:175,11,1,0
BRDA:176,12,0,0
BRDA:206,13,0,0
BRDA:231,14,0,0
BRDA:231,14,1,0
BRDA:231,15,0,0
BRDA:231,15,1,0
BRDA:232,16,0,0
BRDA:232,17,0,0
BRDA:232,17,1,0
BRDA:253,18,0,0
BRDA:253,19,0,0
BRDA:253,19,1,0
BRDA:253,19,2,0
BRDA:253,19,3,0
BRDA:256,20,0,0
BRDA:256,20,1,0
BRDA:318,21,0,0
BRDA:318,22,0,0
BRDA:318,22,1,0
BRF:34
BRH:0
end_of_record
TN:
SF:src/models/message.model.ts
FN:6,postMessage
FNF:1
FNH:0
FNDA:0,postMessage
DA:1,1
DA:3,1
DA:4,1
DA:6,1
DA:7,0
DA:8,0
DA:9,0
DA:14,0
DA:20,0
DA:21,0
LF:10
LH:4
BRF:0
BRH:0
end_of_record
TN:
SF:src/models/user.model.ts
FN:8,createUser
FN:26,(anonymous_16)
FN:26,(anonymous_17)
FN:33,(anonymous_18)
FN:40,findUserById
FN:49,addToUserCollection
FN:64,updateUserDetails
FN:81,deleteUserById
FN:91,getUserGeoLocation
FN:97,findUserByUsername
FN:101,findUserByEmail
FN:105,getUsername
FN:111,addChatToInbox
FN:127,transferValue
FN:144,changeCredits
FNF:15
FNH:8
FNDA:1,createUser
FNDA:1,(anonymous_16)
FNDA:1,(anonymous_17)
FNDA:1,(anonymous_18)
FNDA:3,findUserById
FNDA:4,addToUserCollection
FNDA:0,updateUserDetails
FNDA:0,deleteUserById
FNDA:0,getUserGeoLocation
FNDA:1,findUserByUsername
FNDA:1,findUserByEmail
FNDA:0,getUsername
FNDA:0,addChatToInbox
FNDA:0,transferValue
FNDA:0,changeCredits
DA:1,1
DA:3,1
DA:4,1
DA:5,1
DA:6,1
DA:8,1
DA:9,1
DA:10,1
DA:11,1
DA:13,1
DA:26,1
DA:27,1
DA:28,1
DA:29,1
DA:30,1
DA:31,1
DA:33,1
DA:35,0
DA:36,0
DA:40,1
DA:41,3
DA:42,3
DA:44,1
DA:45,1
DA:49,1
DA:50,4
DA:51,4
DA:52,4
DA:57,4
DA:59,0
DA:60,0
DA:64,1
DA:65,0
DA:66,0
DA:67,0
DA:74,0
DA:76,0
DA:77,0
DA:81,1
DA:82,0
DA:83,0
DA:84,0
DA:86,0
DA:87,0
DA:91,1
DA:92,0
DA:93,0
DA:94,0
DA:97,1
DA:98,1
DA:101,1
DA:102,1
DA:105,1
DA:106,0
DA:107,0
DA:108,0
DA:111,1
DA:112,0
DA:113,0
DA:114,0
DA:116,0
DA:122,0
DA:123,0
DA:127,1
DA:128,0
DA:129,0
DA:131,0
DA:132,0
DA:133,0
DA:135,0
DA:137,0
DA:139,0
DA:140,0
DA:144,1
DA:145,0
DA:146,0
DA:148,0
DA:149,0
LF:78
LH:38
BRDA:93,0,0,0
BRDA:107,1,0,0
BRDA:107,1,1,0
BRDA:131,2,0,0
BRDA:131,3,0,0
BRDA:131,3,1,0
BRF:6
BRH:0
end_of_record
TN:
SF:src/models/schemas/chat.schema.ts
FNF:0
FNH:0
DA:1,1
DA:4,1
DA:13,1
LF:3
LH:3
BRF:0
BRH:0
end_of_record
TN:
SF:src/models/schemas/collection.schema.ts
FNF:0
FNH:0
DA:1,1
DA:4,1
DA:9,1
LF:3
LH:3
BRF:0
BRH:0
end_of_record
TN:
SF:src/models/schemas/item.schema.ts
FNF:0
FNH:0
DA:1,1
DA:4,1
DA:17,1
DA:20,1
DA:22,1
LF:5
LH:5
BRF:0
BRH:0
end_of_record
TN:
SF:src/models/schemas/message.schema.ts
FNF:0
FNH:0
DA:1,1
DA:4,1
DA:19,1
LF:3
LH:3
BRF:0
BRH:0
end_of_record
TN:
SF:src/models/schemas/user.schema.ts
FNF:0
FNH:0
DA:1,1
DA:4,1
DA:14,1
DA:22,1
DA:35,1
LF:5
LH:5
BRF:0
BRH:0
end_of_record
TN:
SF:src/utilities/geocoding.ts
FN:8,convertAddressToGeoCode
FN:15,(anonymous_10)
FN:29,(anonymous_11)
FNF:3
FNH:2
FNDA:2,convertAddressToGeoCode
FNDA:2,(anonymous_10)
FNDA:0,(anonymous_11)
DA:1,2
DA:2,2
DA:5,2
DA:6,2
DA:8,2
DA:9,2
DA:10,2
DA:11,2
DA:13,2
DA:16,2
DA:17,2
DA:18,2
DA:19,2
DA:23,2
DA:25,0
DA:26,0
DA:30,0
DA:31,0
LF:18
LH:14
BRDA:17,0,0,2
BRDA:17,0,1,0
BRDA:17,1,0,2
BRDA:17,1,1,2
BRF:4
BRH:3
end_of_record
TN:
SF:src/utilities/location.ts
FN:6,getItemLocations
FN:9,(anonymous_9)
FN:9,(anonymous_10)
FN:15,sortByDistanceFromUser
FN:16,(anonymous_12)
FN:31,(anonymous_13)
FN:34,itemDistanceFromUser
FNF:7
FNH:0
FNDA:0,getItemLocations
FNDA:0,(anonymous_9)
FNDA:0,(anonymous_10)
FNDA:0,sortByDistanceFromUser
FNDA:0,(anonymous_12)
FNDA:0,(anonymous_13)
FNDA:0,itemDistanceFromUser
DA:1,1
DA:3,1
DA:6,1
DA:7,0
DA:9,0
DA:15,1
DA:16,0
DA:31,0
DA:34,1
DA:35,0
DA:36,0
LF:11
LH:5
BRDA:7,0,0,0
BRDA:36,1,0,0
BRF:2
BRH:0
end_of_record
TN:
SF:src/utilities/webToken.ts
FN:8,generateJWT
FNF:1
FNH:1
FNDA:1,generateJWT
DA:1,2
DA:2,2
DA:5,2
DA:6,2
DA:8,2
DA:9,1
DA:13,1
LF:7
LH:7
BRF:0
BRH:0
end_of_record
TN:
SF:test/mocks.ts
FNF:0
FNH:0
DA:1,3
DA:4,3
DA:5,3
DA:9,3
DA:16,3
DA:22,3
DA:33,3
DA:45,3
LF:8
LH:8
BRF:0
BRH:0
end_of_record
